
T6688 032:196 SEGGER J-Link V6.32d Log File (0002ms, 1731ms total)
T6688 032:196 DLL Compiled: May 25 2018 17:03:12 (0002ms, 1731ms total)
T6688 032:196 Logging started @ 2019-02-13 12:54 (0002ms, 1731ms total)
T6688 032:293 JLINK_ExecCommand("Device = ATSAMD21J18A", ...).   returns 0x00 (0013ms, 1744ms total)
T6688 032:332 JLINK_ExecCommand("ProjectFile = C:\Users\raghu\Desktop\Flutter\Firmware\CoreSAMD21\FlutterSAMD\FlutterSAMD\jlink.config", ...).   returns 0x00 (0018ms, 1762ms total)
T6688 032:442 JLINK_ExecCommand("Device = ATSAMD21J18A", ...).   returns 0x00 (0003ms, 1765ms total)
T6688 032:445 JLINK_TIF_Select(JLINKARM_TIF_SWD)  returns 0x00 (0001ms, 1766ms total)
T6688 032:446 JLINK_SetSpeed(4000) (0000ms, 1766ms total)
T6688 032:446 JLINK_ResetPullsRESET(OFF) (0000ms, 1766ms total)
T6688 032:446 JLINK_Connect()InitTarget() >0x10B TIF>Found SW-DP with ID 0x0BC11477 >0x0D TIF> >0x28 TIF> >0x0D TIF> >0x28 TIF> >0x0D TIF> >0x28 TIF> >0x0D TIF> >0x28 TIF> >0x0D TIF> >0x21 TIF> >0x0D TIF> >0x28 TIF>Scanning AP map to find all available APs >0x0D TIF> >0x28 TIF> >0x0D TIF> >0x21 TIF> >0x0D TIF> >0x21 TIF> >0x0D TIF> >0x28 TIF> >0x0D TIF> >0x21 TIF> >0x0D TIF> >0x21 TIF>AP[1]: Stopped AP scan as end of AP map has been reachedAP[0]: AHB-AP (IDR: 0x04770031)
Iterating through AP map to find AHB-AP to use >0x42 TIF> >0x28 TIF> >0x0D TIF> >0x28 TIF> >0x0D TIF> >0x21 TIF> >0x0D TIF> >0x21 TIF> >0x42 TIF> >0x28 TIF> >0x0D TIF> >0x28 TIF> >0x0D TIF> >0x28 TIF> >0x0D TIF> >0x21 TIF> >0x0D TIF> >0x21 TIF>AP[0]: Core foundAP[0]: AHB-AP ROM base: 0x41003000 >0x0D TIF> >0x28 TIF> >0x0D TIF> >0x28 TIF> >0x0D TIF> >0x28 TIF> >0x0D TIF> >0x21 TIF> >0x0D TIF> >0x21 TIF>CPUID register: 0x410CC601. Implementer code: 0x41 (ARM)Found Cortex-M0 r0p1, Little endian.
 -- CPU_ReadMem(4 bytes @ 0xE000EDF0) -- CPU_WriteMem(4 bytes @ 0xE000EDF0) -- CPU_ReadMem(4 bytes @ 0xE0002000) -- CPU_ReadMem(4 bytes @ 0xE000EDFC) -- CPU_WriteMem(4 bytes @ 0xE000EDFC) -- CPU_ReadMem(4 bytes @ 0xE0001000) -- CPU_WriteMem(4 bytes @ 0xE0001000)CoreSight components:ROMTbl[0] @ 41003000 -- CPU_ReadMem(16 bytes @ 0x41003000) -- CPU_ReadMem(16 bytes @ 0xE00FFFF0) -- CPU_ReadMem(16 bytes @ 0xE00FFFE0)ROMTbl[0][0]: E00FF000, CID: B105100D, PID: 000BB4C0 ROM TableROMTbl[1] @ E00FF000
 -- CPU_ReadMem(16 bytes @ 0xE00FF000) -- CPU_ReadMem(16 bytes @ 0xE000EFF0) -- CPU_ReadMem(16 bytes @ 0xE000EFE0)ROMTbl[1][0]: E000E000, CID: B105E00D, PID: 000BB008 SCS -- CPU_ReadMem(16 bytes @ 0xE0001FF0) -- CPU_ReadMem(16 bytes @ 0xE0001FE0)ROMTbl[1][1]: E0001000, CID: B105E00D, PID: 000BB00A DWT -- CPU_ReadMem(16 bytes @ 0xE0002FF0) -- CPU_ReadMem(16 bytes @ 0xE0002FE0)ROMTbl[1][2]: E0002000, CID: B105E00D, PID: 000BB00B FPB -- CPU_ReadMem(16 bytes @ 0x41006FF0)
 -- CPU_ReadMem(16 bytes @ 0x41006FE0)ROMTbl[0][1]: 41006000, CID: B105900D, PID: 001BB932 MTB-M0+  returns 0x00 (0127ms, 1893ms total)
T6688 032:573 JLINK_Halt()  returns 0x00 (0002ms, 1895ms total)
T6688 032:577 JLINK_JTAG_GetDeviceID(DeviceIndex = 0)  returns 0x00 (0000ms, 1895ms total)
T6688 032:577 JLINK_ReadMemU32(0x41002018, 0x0001 Items, ...) -- CPU_ReadMem(4 bytes @ 0x41002018) - Data: 00 03 01 10  returns 0x01 (0001ms, 1896ms total)
T5BA4 032:588 JLINK_IsHalted()  returns TRUE (0000ms, 1896ms total)
T5BA4 032:588 JLINK_GetMOEs(...) -- CPU_ReadMem(4 bytes @ 0xE000ED30)  returns 0x01 (0001ms, 1897ms total)
T5BA4 032:589 JLINK_ReadReg(R15 (PC))  returns 0x000027D4 (0000ms, 1897ms total)
T6688 032:640 JLINK_BeginDownload(Flags = 0x00) (0000ms, 1897ms total)
T6688 032:640 JLINK_WriteMem(0x00000000, 0x5B60 Bytes, ...) - Data: 70 32 00 20 6D 3B 00 00 69 3B 00 00 69 3B 00 00 ...  returns 0x5B60 (0001ms, 1898ms total)
T6688 032:641 JLINK_WriteMem(0x00005B60, 0x00BC Bytes, ...) - Data: 4C 80 75 8F 25 F2 BE 21 C1 08 08 80 84 04 40 3C ...  returns 0xBC (0000ms, 1898ms total)
T6688 032:663 JLINK_EndDownload() -- CPU_ReadMem(16 bytes @ 0x41006FE0) -- CPU_ReadMem(4 bytes @ 0x41006004) -- CPU_ReadMem(4 bytes @ 0xE000ED90) -- -------------------------------------- -- Start of determining dirty areas in flash cache -- End of determining dirty areas -- Start of preparing flash programming -- Calculating RAM usage -- RAM usage = 3828 Bytes -- Preserving CPU registers -- Preparing memory -- Preparing target -- Downloading RAMCode -- Checking target RAM -- Preparing RAMCode
 -- End of preparing flash programming -- CPU speed could not be measured. -- Start of comparing flash -- CRC check was estimated as fastest method -- Comparing range 0x0000 - 0x5CFF (93 Sectors, 23 KB), using multi-block CRC calculation -- CRC does not match for sectors 0-92 -- End of comparing flash -- Start of erasing sectors -- Erasing range 0x00000000 - 0x000056FF (087 Sectors, 21 KB) -- End of erasing sectors -- Start of flash programming
 -- Programming range 0x00000000 - 0x00005CFF (093 Sectors, 23 KB) -- End of flash programming -- 0x0000 - 0x5CFF (093 Sectors, 23 KB) -- Start of verifying flash -- Use CRC as verify method -- Checksum is not supported by this flash bank. Switched to CRC method. -- End of verifying flash -- Start of restoring -- Restoring RAMCode -- Restore target -- Restore memory -- Restoring CPU registers -- End of restoring -- Bank 0 @ 0x00000000: 1 range affected (23808 bytes)
 -- Total time needed: 0.214s (Prepare: 0.023s, Compare: 0.007s, Erase: 0.076s, Program: 0.103s, Verify: 0.000s, Restore: 0.003s)  returns 0x5D00 (0224ms, 2122ms total)
T5BA4 032:887 JLINK_IsHalted()  returns TRUE (0000ms, 2122ms total)
T5BA4 033:087 JLINK_IsHalted()  returns TRUE (0000ms, 2122ms total)
T5BA4 033:288 JLINK_IsHalted()  returns TRUE (0000ms, 2122ms total)
T5BA4 033:489 JLINK_IsHalted()  returns TRUE (0000ms, 2122ms total)
T59E8 033:646 JLINK_Halt()  returns 0x00 (0000ms, 2122ms total)
T59E8 033:646 JLINK_ReadReg(R15 (PC))  returns 0x000027D4 (0000ms, 2122ms total)
T59E8 033:646 JLINK_ReadReg(R13 (SP))  returns 0x200031B4 (0000ms, 2122ms total)
T59E8 033:654 JLINK_ReadMemHW(0x000027D4, 0x0004 Bytes, ...) -- CPU_ReadMem(4 bytes @ 0x000027D4) - Data: 9A 46 73 68  returns 0x00 (0001ms, 2123ms total)
T59E8 033:655 JLINK_ReadReg(R0)  returns 0x00000001 (0000ms, 2123ms total)
T59E8 033:655 JLINK_ReadReg(R1)  returns 0x42004000 (0000ms, 2123ms total)
T59E8 033:655 JLINK_ReadReg(R2)  returns 0x00000000 (0000ms, 2123ms total)
T59E8 033:655 JLINK_ReadReg(R3)  returns 0x00000008 (0000ms, 2123ms total)
T59E8 033:655 JLINK_ReadReg(R4)  returns 0x00000002 (0000ms, 2123ms total)
T59E8 033:655 JLINK_ReadReg(R5)  returns 0x00000004 (0000ms, 2123ms total)
T59E8 033:655 JLINK_ReadReg(R6)  returns 0x00002E65 (0000ms, 2123ms total)
T59E8 033:655 JLINK_ReadReg(R7)  returns 0x0000000C (0000ms, 2123ms total)
T59E8 033:655 JLINK_ReadReg(R8)  returns 0xDFDFFFFF (0000ms, 2123ms total)
T59E8 033:655 JLINK_ReadReg(R9)  returns 0xFDFF5FFF (0000ms, 2123ms total)
T59E8 033:655 JLINK_ReadReg(R10)  returns 0xDFBFE95D (0000ms, 2123ms total)
T59E8 033:655 JLINK_ReadReg(R11)  returns 0xAFFDFF73 (0000ms, 2123ms total)
T59E8 033:655 JLINK_ReadReg(R12)  returns 0x41004400 (0000ms, 2123ms total)
T59E8 033:655 JLINK_ReadReg(R13 (SP))  returns 0x200031B4 (0000ms, 2123ms total)
T59E8 033:655 JLINK_ReadReg(R14)  returns 0x00002DF3 (0000ms, 2123ms total)
T59E8 033:656 JLINK_ReadReg(R15 (PC))  returns 0x000027D4 (0000ms, 2123ms total)
T59E8 033:656 JLINK_ReadReg(XPSR)  returns 0x61000000 (0000ms, 2123ms total)
T59E8 033:656 JLINK_ReadReg(MSP)  returns 0x200031B4 (0000ms, 2123ms total)
T59E8 033:656 JLINK_ReadReg(PSP)  returns 0xFFFBF75C (0000ms, 2123ms total)
T59E8 033:656 JLINK_ReadReg(PRIMASK)  returns 0x00000000 (0000ms, 2123ms total)
T59E8 033:656 JLINK_ReadReg(BASEPRI)  returns 0x00000000 (0000ms, 2123ms total)
T59E8 033:656 JLINK_ReadReg(FAULTMASK)  returns 0x00000000 (0000ms, 2123ms total)
T59E8 033:656 JLINK_ReadReg(CONTROL)  returns 0x00000000 (0000ms, 2123ms total)
T59E8 033:656 JLINK_ReadMemHW(0x000027D4, 0x0002 Bytes, ...) -- CPU_ReadMem(2 bytes @ 0x000027D4) - Data: 9A 46  returns 0x00 (0000ms, 2123ms total)
T5BA4 033:689 JLINK_IsHalted()  returns TRUE (0000ms, 2123ms total)
T59E8 033:707 JLINK_ReadReg(R0)  returns 0x00000001 (0000ms, 2123ms total)
T59E8 033:708 JLINK_ReadReg(R1)  returns 0x42004000 (0000ms, 2124ms total)
T59E8 033:708 JLINK_ReadReg(R2)  returns 0x00000000 (0000ms, 2124ms total)
T59E8 033:708 JLINK_ReadReg(R3)  returns 0x00000008 (0000ms, 2124ms total)
T59E8 033:708 JLINK_ReadReg(R4)  returns 0x00000002 (0000ms, 2124ms total)
T59E8 033:708 JLINK_ReadReg(R5)  returns 0x00000004 (0000ms, 2124ms total)
T59E8 033:708 JLINK_ReadReg(R6)  returns 0x00002E65 (0000ms, 2124ms total)
T59E8 033:708 JLINK_ReadReg(R7)  returns 0x0000000C (0000ms, 2124ms total)
T59E8 033:708 JLINK_ReadReg(R8)  returns 0xDFDFFFFF (0000ms, 2124ms total)
T59E8 033:708 JLINK_ReadReg(R9)  returns 0xFDFF5FFF (0000ms, 2124ms total)
T59E8 033:708 JLINK_ReadReg(R10)  returns 0xDFBFE95D (0000ms, 2124ms total)
T59E8 033:708 JLINK_ReadReg(R11)  returns 0xAFFDFF73 (0000ms, 2124ms total)
T59E8 033:708 JLINK_ReadReg(R12)  returns 0x41004400 (0000ms, 2124ms total)
T59E8 033:708 JLINK_ReadReg(R13 (SP))  returns 0x200031B4 (0000ms, 2124ms total)
T59E8 033:708 JLINK_ReadReg(R14)  returns 0x00002DF3 (0000ms, 2124ms total)
T59E8 033:708 JLINK_ReadReg(R15 (PC))  returns 0x000027D4 (0000ms, 2124ms total)
T59E8 033:708 JLINK_ReadReg(XPSR)  returns 0x61000000 (0000ms, 2124ms total)
T59E8 033:708 JLINK_ReadReg(MSP)  returns 0x200031B4 (0000ms, 2124ms total)
T59E8 033:708 JLINK_ReadReg(PSP)  returns 0xFFFBF75C (0000ms, 2124ms total)
T59E8 033:708 JLINK_ReadReg(PRIMASK)  returns 0x00000000 (0000ms, 2124ms total)
T59E8 033:708 JLINK_ReadReg(BASEPRI)  returns 0x00000000 (0000ms, 2124ms total)
T59E8 033:708 JLINK_ReadReg(FAULTMASK)  returns 0x00000000 (0000ms, 2124ms total)
T59E8 033:708 JLINK_ReadReg(CONTROL)  returns 0x00000000 (0000ms, 2124ms total)
T59E8 033:736 JLINK_ReadMemHW(0x000027D4, 0x0004 Bytes, ...) -- CPU_ReadMem(4 bytes @ 0x000027D4) - Data: 9A 46 73 68  returns 0x00 (0000ms, 2124ms total)
T59E8 033:804 JLINK_ReadMemHW(0x00000E84, 0x0002 Bytes, ...) -- CPU_ReadMem(2 bytes @ 0x00000E84) - Data: 01 25  returns 0x00 (0000ms, 2124ms total)
T59E8 033:805 JLINK_ReadMemHW(0x00000ECE, 0x0002 Bytes, ...) -- CPU_ReadMem(2 bytes @ 0x00000ECE) - Data: 1D 4F  returns 0x00 (0000ms, 2124ms total)
T6688 033:842 JLINK_GetNumBPUnits(Type = 0xFFFFFF02)  returns 0x04 (0000ms, 2124ms total)
T6688 033:842 JLINK_SetBPEx(Addr = 0x00000ECE, Type = 0xFFFFFFF2)  returns 0x00000001 (0000ms, 2124ms total)
T6688 033:842 JLINK_GetBPInfo(BPHandle = 1)  returns 0x00 (0000ms, 2124ms total)
T5BA4 033:890 JLINK_IsHalted()  returns TRUE (0000ms, 2124ms total)
T59E8 034:025 JLINK_Reset() -- CPU_ReadMem(4 bytes @ 0x200006BC) -- CPU_WriteMem(4 bytes @ 0x200006BC) -- CPU_ReadMem(4 bytes @ 0xE000EDFC) -- CPU_WriteMem(4 bytes @ 0xE000EDFC) -- CPU_WriteMem(4 bytes @ 0xE000ED0C) -- CPU_ReadMem(4 bytes @ 0xE000EDF0) -- CPU_ReadMem(4 bytes @ 0x41002100) -- CPU_WriteMem(4 bytes @ 0xE000EDFC) -- CPU_WriteMem(4 bytes @ 0xE0002000) -- CPU_ReadMem(4 bytes @ 0xE000EDFC) -- CPU_ReadMem(4 bytes @ 0xE0001000) -- CPU_WriteMem(4 bytes @ 0xE0001000) (0008ms, 2132ms total)
T5BA4 034:033 JLINK_IsHalted()  returns TRUE (0000ms, 2132ms total)
T5BA4 034:033 JLINK_GetMOEs(...) -- CPU_ReadMem(4 bytes @ 0xE000ED30)  returns 0x01 (0000ms, 2132ms total)
T5BA4 034:033 JLINK_ReadReg(R15 (PC))  returns 0x00003B6C (0000ms, 2132ms total)
T59E8 034:044 JLINK_ReadReg(R15 (PC))  returns 0x00003B6C (0000ms, 2132ms total)
T59E8 034:044 JLINK_ReadReg(R13 (SP))  returns 0x20003270 (0000ms, 2132ms total)
T59E8 034:064 JLINK_ReadMemHW(0x00003B6C, 0x0004 Bytes, ...) -- CPU_ReadMem(4 bytes @ 0x00003B6C) - Data: F8 B5 2A 4A  returns 0x00 (0000ms, 2132ms total)
T5BA4 034:235 JLINK_IsHalted()  returns TRUE (0000ms, 2132ms total)
T5BA4 034:435 JLINK_IsHalted()  returns TRUE (0000ms, 2132ms total)
T59E8 034:470 JLINK_ReadMemHW(0x00003C74, 0x0001 Bytes, ...) -- CPU_ReadMem(1 bytes @ 0x00003C74) - Data: 70  returns 0x00 (0001ms, 2133ms total)
T59E8 034:532 JLINK_ReadReg(R15 (PC))  returns 0x00003B6C (0000ms, 2133ms total)
T59E8 034:532 JLINK_SetBPEx(Addr = 0x00003C74, Type = 0xFFFFFFF2)  returns 0x00000002 (0000ms, 2133ms total)
T59E8 034:532 JLINK_GetBPInfo(BPHandle = 2)  returns 0x00 (0000ms, 2133ms total)
T59E8 034:533 JLINK_Go() -- CPU_WriteMem(4 bytes @ 0xE0002000) -- CPU_WriteMem(4 bytes @ 0xE0002000) -- CPU_ReadMem(4 bytes @ 0xE0001000) -- CPU_WriteMem(4 bytes @ 0xE000ED30) -- CPU_WriteMem(4 bytes @ 0xE0001000) -- CPU_WriteMem(4 bytes @ 0xE0002008) -- CPU_WriteMem(4 bytes @ 0xE000200C) -- CPU_WriteMem(4 bytes @ 0xE0002010) -- CPU_WriteMem(4 bytes @ 0xE0002014) -- CPU_WriteMem(4 bytes @ 0xE0001004) (0003ms, 2136ms total)
T5BA4 034:536 JLINK_IsHalted() -- CPU_ReadMem(4 bytes @ 0x41002100)  returns FALSE (0001ms, 2137ms total)
T5BA4 034:558 JLINK_IsHalted()  returns TRUE (0002ms, 2138ms total)
T5BA4 034:560 JLINK_GetMOEs(...) -- CPU_ReadMem(4 bytes @ 0xE000ED30)  returns 0x01 (0000ms, 2136ms total)
T5BA4 034:560 JLINK_ReadReg(R15 (PC))  returns 0x00003C74 (0001ms, 2137ms total)
T59E8 034:569 JLINK_ReadReg(R15 (PC))  returns 0x00003C74 (0000ms, 2137ms total)
T59E8 034:569 JLINK_ReadReg(R13 (SP))  returns 0x20003258 (0000ms, 2137ms total)
T59E8 034:569 JLINK_ReadMemHW(0x00003C74, 0x0004 Bytes, ...) -- CPU_ReadMem(4 bytes @ 0x00003C74) - Data: 70 B5 11 4B  returns 0x00 (0000ms, 2137ms total)
T5BA4 034:761 JLINK_IsHalted()  returns TRUE (0000ms, 2137ms total)
T59E8 034:863 JLINK_WriteU32(0xE000EDFC, 0x01000000) -- CPU_WriteMem(4 bytes @ 0xE000EDFC)  returns 0x00 (0001ms, 2138ms total)
T59E8 034:864 JLINK_ReadMem (0xE0001000, 0x0004 Bytes, ...) -- CPU_ReadMem(4 bytes @ 0xE0001000) - Data: 00 00 00 20  returns 0x00 (0000ms, 2138ms total)
T59E8 034:864 JLINK_WriteU32(0xE0001000, 0x20000001)  returns 0x00 (0000ms, 2138ms total)
T59E8 034:864 JLINK_WriteU32(0xE0001028, 0x00000100)  returns 0x00 (0000ms, 2138ms total)
T59E8 034:864 JLINK_ReadMem (0xE0001028, 0x0004 Bytes, ...) -- CPU_WriteMem(4 bytes @ 0xE0001028) -- CPU_ReadMem(4 bytes @ 0xE0001028) - Data: 00 00 00 00  returns 0x00 (0001ms, 2139ms total)
T59E8 034:865 JLINK_WriteU32(0xE0001024, 0x0000001F)  returns 0x00 (0000ms, 2139ms total)
T59E8 034:865 JLINK_ReadMem (0xE0001024, 0x0004 Bytes, ...) -- CPU_WriteMem(4 bytes @ 0xE0001024) -- CPU_ReadMem(4 bytes @ 0xE0001024) - Data: 1F 00 00 00  returns 0x00 (0001ms, 2140ms total)
T59E8 034:866 JLINK_WriteU32(0xE0001038, 0x00000100)  returns 0x00 (0000ms, 2140ms total)
T59E8 034:866 JLINK_ReadMem (0xE0001038, 0x0004 Bytes, ...) -- CPU_WriteMem(4 bytes @ 0xE0001038) -- CPU_ReadMem(4 bytes @ 0xE0001038) - Data: 00 00 00 00  returns 0x00 (0001ms, 2141ms total)
T59E8 034:867 JLINK_WriteU32(0xE0001034, 0x0000001F)  returns 0x00 (0000ms, 2141ms total)
T59E8 034:867 JLINK_ReadMem (0xE0001034, 0x0004 Bytes, ...) -- CPU_WriteMem(4 bytes @ 0xE0001034) -- CPU_ReadMem(4 bytes @ 0xE0001034) - Data: 1F 00 00 00  returns 0x00 (0000ms, 2141ms total)
T59E8 034:867 JLINK_WriteU32(0xE0001020, 0x00000000)  returns 0x00 (0000ms, 2141ms total)
T59E8 034:867 JLINK_WriteU32(0xE0001024, 0x00000000)  returns 0x00 (0000ms, 2141ms total)
T59E8 034:867 JLINK_WriteU32(0xE0001028, 0x00000000)  returns 0x00 (0000ms, 2141ms total)
T59E8 034:867 JLINK_WriteU32(0xE0001030, 0x00000000)  returns 0x00 (0000ms, 2141ms total)
T59E8 034:867 JLINK_WriteU32(0xE0001034, 0x00000000)  returns 0x00 (0000ms, 2141ms total)
T59E8 034:867 JLINK_WriteU32(0xE0001038, 0x00000000)  returns 0x00 (0000ms, 2141ms total)
T59E8 034:867 JLINK_GetBPInfo(BPHandle = 2)  returns 0x00 (0000ms, 2141ms total)
T59E8 034:867 JLINK_ClrBPEx(BPHandle = 0x00000002)  returns 0x00 (0000ms, 2141ms total)
T59E8 034:868 JLINK_ReadReg(R15 (PC))  returns 0x00003C74 (0000ms, 2141ms total)
T59E8 034:868 JLINK_Go() -- CPU_WriteMem(4 bytes @ 0xE0002000) -- CPU_WriteMem(4 bytes @ 0xE0001000) -- CPU_ReadMem(4 bytes @ 0xE0001000) -- CPU_WriteMem(4 bytes @ 0xE000ED30) -- CPU_WriteMem(4 bytes @ 0xE0001000) -- CPU_WriteMem(4 bytes @ 0xE0001020) -- CPU_WriteMem(4 bytes @ 0xE0001030) -- CPU_WriteMem(4 bytes @ 0xE0001024) -- CPU_WriteMem(4 bytes @ 0xE0001034) -- CPU_WriteMem(4 bytes @ 0xE0001028) -- CPU_WriteMem(4 bytes @ 0xE0001038) -- CPU_WriteMem(4 bytes @ 0xE000200C) (0003ms, 2144ms total)
T5BA4 034:871 JLINK_IsHalted() -- CPU_ReadMem(4 bytes @ 0x41002100)  returns FALSE (0000ms, 2144ms total)
T5BA4 034:912 JLINK_IsHalted() -- CPU_ReadMem(4 bytes @ 0x41002100)  returns FALSE (0000ms, 2144ms total)
T5BA4 035:072 JLINK_IsHalted() -- CPU_ReadMem(4 bytes @ 0x41002100)  returns FALSE (0001ms, 2145ms total)
T5BA4 035:274 JLINK_IsHalted() -- CPU_ReadMem(4 bytes @ 0x41002100)  returns FALSE (0000ms, 2144ms total)
T5BA4 035:475 JLINK_IsHalted() -- CPU_ReadMem(4 bytes @ 0x41002100)  returns FALSE (0000ms, 2144ms total)
T5BA4 035:676 JLINK_IsHalted() -- CPU_ReadMem(4 bytes @ 0x41002100)  returns FALSE (0000ms, 2144ms total)
T5BA4 035:877 JLINK_IsHalted() -- CPU_ReadMem(4 bytes @ 0x41002100)  returns FALSE (0000ms, 2144ms total)
T5BA4 036:078 JLINK_IsHalted() -- CPU_ReadMem(4 bytes @ 0x41002100)  returns FALSE (0000ms, 2144ms total)
T5BA4 036:281 JLINK_IsHalted() -- CPU_ReadMem(4 bytes @ 0x41002100)  returns FALSE (0000ms, 2144ms total)
T5BA4 036:482 JLINK_IsHalted() -- CPU_ReadMem(4 bytes @ 0x41002100)  returns FALSE (0001ms, 2145ms total)
T5BA4 036:683 JLINK_IsHalted() -- CPU_ReadMem(4 bytes @ 0x41002100)  returns FALSE (0001ms, 2145ms total)
T5BA4 036:884 JLINK_IsHalted() -- CPU_ReadMem(4 bytes @ 0x41002100)  returns FALSE (0001ms, 2146ms total)
T5BA4 037:086 JLINK_IsHalted() -- CPU_ReadMem(4 bytes @ 0x41002100)  returns FALSE (0000ms, 2145ms total)
T5BA4 037:287 JLINK_IsHalted() -- CPU_ReadMem(4 bytes @ 0x41002100)  returns FALSE (0000ms, 2145ms total)
T5BA4 037:488 JLINK_IsHalted() -- CPU_ReadMem(4 bytes @ 0x41002100)  returns FALSE (0000ms, 2145ms total)
T5BA4 037:689 JLINK_IsHalted() -- CPU_ReadMem(4 bytes @ 0x41002100)  returns FALSE (0000ms, 2145ms total)
T5BA4 037:890 JLINK_IsHalted() -- CPU_ReadMem(4 bytes @ 0x41002100)  returns FALSE (0000ms, 2145ms total)
T5BA4 038:091 JLINK_IsHalted() -- CPU_ReadMem(4 bytes @ 0x41002100)  returns FALSE (0000ms, 2145ms total)
T5BA4 038:296 JLINK_IsHalted() -- CPU_ReadMem(4 bytes @ 0x41002100)  returns FALSE (0002ms, 2147ms total)
T5BA4 038:499 JLINK_IsHalted() -- CPU_ReadMem(4 bytes @ 0x41002100)  returns FALSE (0000ms, 2145ms total)
T5BA4 038:701 JLINK_IsHalted() -- CPU_ReadMem(4 bytes @ 0x41002100)  returns FALSE (0000ms, 2145ms total)
T5BA4 038:904 JLINK_IsHalted() -- CPU_ReadMem(4 bytes @ 0x41002100)  returns FALSE (0001ms, 2146ms total)
T5BA4 039:105 JLINK_IsHalted() -- CPU_ReadMem(4 bytes @ 0x41002100)  returns FALSE (0001ms, 2146ms total)
T5BA4 039:307 JLINK_IsHalted() -- CPU_ReadMem(4 bytes @ 0x41002100)  returns FALSE (0000ms, 2145ms total)
T5BA4 039:508 JLINK_IsHalted() -- CPU_ReadMem(4 bytes @ 0x41002100)  returns FALSE (0001ms, 2146ms total)
T5BA4 039:709 JLINK_IsHalted() -- CPU_ReadMem(4 bytes @ 0x41002100)  returns FALSE (0002ms, 2147ms total)
T5BA4 039:911 JLINK_IsHalted() -- CPU_ReadMem(4 bytes @ 0x41002100)  returns FALSE (0001ms, 2146ms total)
T5BA4 040:112 JLINK_IsHalted() -- CPU_ReadMem(4 bytes @ 0x41002100)  returns FALSE (0001ms, 2146ms total)
T5BA4 040:313 JLINK_IsHalted() -- CPU_ReadMem(4 bytes @ 0x41002100)  returns FALSE (0001ms, 2146ms total)
T5BA4 040:514 JLINK_IsHalted() -- CPU_ReadMem(4 bytes @ 0x41002100)  returns FALSE (0001ms, 2146ms total)
T5BA4 040:715 JLINK_IsHalted() -- CPU_ReadMem(4 bytes @ 0x41002100)  returns FALSE (0001ms, 2146ms total)
T5BA4 040:917 JLINK_IsHalted() -- CPU_ReadMem(4 bytes @ 0x41002100)  returns FALSE (0000ms, 2145ms total)
T5BA4 041:118 JLINK_IsHalted() -- CPU_ReadMem(4 bytes @ 0x41002100)  returns FALSE (0000ms, 2145ms total)
T5BA4 041:319 JLINK_IsHalted() -- CPU_ReadMem(4 bytes @ 0x41002100)  returns FALSE (0000ms, 2145ms total)
T5BA4 041:520 JLINK_IsHalted() -- CPU_ReadMem(4 bytes @ 0x41002100)  returns FALSE (0000ms, 2145ms total)
T5BA4 041:721 JLINK_IsHalted() -- CPU_ReadMem(4 bytes @ 0x41002100)  returns FALSE (0001ms, 2146ms total)
T5BA4 041:922 JLINK_IsHalted() -- CPU_ReadMem(4 bytes @ 0x41002100)  returns FALSE (0001ms, 2146ms total)
T5BA4 042:123 JLINK_IsHalted() -- CPU_ReadMem(4 bytes @ 0x41002100)  returns FALSE (0001ms, 2146ms total)
T5BA4 042:325 JLINK_IsHalted() -- CPU_ReadMem(4 bytes @ 0x41002100)  returns FALSE (0001ms, 2146ms total)
T5BA4 042:526 JLINK_IsHalted() -- CPU_ReadMem(4 bytes @ 0x41002100)  returns FALSE (0001ms, 2146ms total)
T5BA4 042:728 JLINK_IsHalted() -- CPU_ReadMem(4 bytes @ 0x41002100)  returns FALSE (0000ms, 2145ms total)
T5BA4 042:929 JLINK_IsHalted() -- CPU_ReadMem(4 bytes @ 0x41002100)  returns FALSE (0000ms, 2145ms total)
T5BA4 043:129 JLINK_IsHalted() -- CPU_ReadMem(4 bytes @ 0x41002100)  returns FALSE (0001ms, 2146ms total)
T5BA4 043:330 JLINK_IsHalted() -- CPU_ReadMem(4 bytes @ 0x41002100)  returns FALSE (0001ms, 2146ms total)
T5BA4 043:532 JLINK_IsHalted() -- CPU_ReadMem(4 bytes @ 0x41002100)  returns FALSE (0000ms, 2145ms total)
T5BA4 043:733 JLINK_IsHalted() -- CPU_ReadMem(4 bytes @ 0x41002100)  returns FALSE (0001ms, 2146ms total)
T5BA4 043:934 JLINK_IsHalted() -- CPU_ReadMem(4 bytes @ 0x41002100)  returns FALSE (0001ms, 2146ms total)
T5BA4 044:136 JLINK_IsHalted() -- CPU_ReadMem(4 bytes @ 0x41002100)  returns FALSE (0000ms, 2145ms total)
T5BA4 044:337 JLINK_IsHalted() -- CPU_ReadMem(4 bytes @ 0x41002100)  returns FALSE (0001ms, 2146ms total)
T5BA4 044:539 JLINK_IsHalted() -- CPU_ReadMem(4 bytes @ 0x41002100)  returns FALSE (0001ms, 2146ms total)
T5BA4 044:741 JLINK_IsHalted() -- CPU_ReadMem(4 bytes @ 0x41002100)  returns FALSE (0001ms, 2146ms total)
T5BA4 044:943 JLINK_IsHalted() -- CPU_ReadMem(4 bytes @ 0x41002100)  returns FALSE (0000ms, 2145ms total)
T5BA4 045:144 JLINK_IsHalted() -- CPU_ReadMem(4 bytes @ 0x41002100)  returns FALSE (0000ms, 2145ms total)
T5BA4 045:345 JLINK_IsHalted() -- CPU_ReadMem(4 bytes @ 0x41002100)  returns FALSE (0000ms, 2145ms total)
T5BA4 045:546 JLINK_IsHalted() -- CPU_ReadMem(4 bytes @ 0x41002100)  returns FALSE (0000ms, 2145ms total)
T5BA4 045:747 JLINK_IsHalted() -- CPU_ReadMem(4 bytes @ 0x41002100)  returns FALSE (0001ms, 2146ms total)
T5BA4 045:949 JLINK_IsHalted() -- CPU_ReadMem(4 bytes @ 0x41002100)  returns FALSE (0000ms, 2145ms total)
T5BA4 046:150 JLINK_IsHalted() -- CPU_ReadMem(4 bytes @ 0x41002100)  returns FALSE (0001ms, 2146ms total)
T5BA4 046:351 JLINK_IsHalted() -- CPU_ReadMem(4 bytes @ 0x41002100)  returns FALSE (0000ms, 2145ms total)
T5BA4 046:552 JLINK_IsHalted() -- CPU_ReadMem(4 bytes @ 0x41002100)  returns FALSE (0001ms, 2146ms total)
T59E8 046:593 JLINK_Halt()  returns 0x00 (0002ms, 2147ms total)
T6688 046:696 JLINK_GetBPInfo(BPHandle = 1)  returns 0x00 (0000ms, 2147ms total)
T6688 046:696 JLINK_ClrBPEx(BPHandle = 0x00000001)  returns 0x00 (0000ms, 2147ms total)
T5BA4 046:754 JLINK_IsHalted()  returns TRUE (0000ms, 2147ms total)
T5BA4 046:754 JLINK_GetMOEs(...) -- CPU_ReadMem(4 bytes @ 0xE000ED30)  returns 0x01 (0000ms, 2147ms total)
T5BA4 046:754 JLINK_ReadReg(R15 (PC))  returns 0x00001C52 (0000ms, 2147ms total)
T6688 046:756 JLINK_ResetPullsRESET(ON) (0000ms, 2147ms total)
T6688 046:756 JLINK_ResetNoHalt()InitTarget() >0x10B TIF>Found SW-DP with ID 0x0BC11477 >0x0D TIF> >0x28 TIF> >0x0D TIF> >0x28 TIF> >0x0D TIF> >0x28 TIF> >0x0D TIF> >0x28 TIF> >0x0D TIF> >0x21 TIF> >0x0D TIF> >0x28 TIF>AP map detection skipped. Manually configured AP map found.AP[0]: AHB-AP (IDR: Not set) >0x42 TIF> >0x28 TIF> >0x0D TIF> >0x28 TIF> >0x0D TIF> >0x21 TIF> >0x0D TIF> >0x21 TIF> >0x42 TIF> >0x28 TIF> >0x0D TIF> >0x28 TIF> >0x0D TIF> >0x28 TIF> >0x0D TIF> >0x21 TIF> >0x0D TIF> >0x21 TIF>
AP[0]: Core foundAP[0]: AHB-AP ROM base: 0x41003000 >0x0D TIF> >0x28 TIF> >0x0D TIF> >0x28 TIF> >0x0D TIF> >0x28 TIF> >0x0D TIF> >0x21 TIF> >0x0D TIF> >0x21 TIF>CPUID register: 0x410CC601. Implementer code: 0x41 (ARM)Found Cortex-M0 r0p1, Little endian. -- CPU_ReadMem(4 bytes @ 0xE000EDF0) -- CPU_ReadMem(4 bytes @ 0xE0002000) -- CPU_ReadMem(4 bytes @ 0xE0001000)CoreSight components:ROMTbl[0] @ 41003000 -- CPU_ReadMem(16 bytes @ 0x41003000) -- CPU_ReadMem(16 bytes @ 0xE00FFFF0)
 -- CPU_ReadMem(16 bytes @ 0xE00FFFE0)ROMTbl[0][0]: E00FF000, CID: B105100D, PID: 000BB4C0 ROM TableROMTbl[1] @ E00FF000 -- CPU_ReadMem(16 bytes @ 0xE00FF000) -- CPU_ReadMem(16 bytes @ 0xE000EFF0) -- CPU_ReadMem(16 bytes @ 0xE000EFE0)ROMTbl[1][0]: E000E000, CID: B105E00D, PID: 000BB008 SCS -- CPU_WriteMem(4 bytes @ 0xE0001000) -- CPU_ReadMem(16 bytes @ 0xE0001FF0) -- CPU_ReadMem(16 bytes @ 0xE0001FE0)ROMTbl[1][1]: E0001000, CID: B105E00D, PID: 000BB00A DWT -- CPU_ReadMem(16 bytes @ 0xE0002FF0)
 -- CPU_ReadMem(16 bytes @ 0xE0002FE0)ROMTbl[1][2]: E0002000, CID: B105E00D, PID: 000BB00B FPB -- CPU_ReadMem(16 bytes @ 0x41006FF0) -- CPU_ReadMem(16 bytes @ 0x41006FE0)ROMTbl[0][1]: 41006000, CID: B105900D, PID: 001BB932 MTB-M0+
                JLINK_Reset() -- CPU_ReadMem(4 bytes @ 0xE000EDFC) -- CPU_WriteMem(4 bytes @ 0xE000EDFC) -- CPU_WriteMem(4 bytes @ 0xE000ED0C) -- CPU_ReadMem(4 bytes @ 0xE000EDF0) -- CPU_ReadMem(4 bytes @ 0x41002100) -- CPU_WriteMem(4 bytes @ 0xE000EDFC) -- CPU_WriteMem(4 bytes @ 0xE0002000) -- CPU_ReadMem(4 bytes @ 0xE000EDFC) -- CPU_ReadMem(4 bytes @ 0xE0001000) -- CPU_WriteMem(4 bytes @ 0xE0001000) (0007ms, 0007ms total)
                JLINK_Go() -- CPU_ReadMem(4 bytes @ 0xE0001000) -- CPU_WriteMem(4 bytes @ 0xE0001000) -- CPU_WriteMem(4 bytes @ 0xE0002008) -- CPU_WriteMem(4 bytes @ 0xE000200C) -- CPU_WriteMem(4 bytes @ 0xE0002010) -- CPU_WriteMem(4 bytes @ 0xE0002014) -- CPU_WriteMem(4 bytes @ 0xE0001004) (0006ms, 0013ms total)
               (0134ms, 2281ms total)
